{"/Users/user/deletethis/cohort4/jest-testing/src/filterByTermOrId.js": {"path":"/Users/user/deletethis/cohort4/jest-testing/src/filterByTermOrId.js","statementMap":{"0":{"start":{"line":2,"column":2},"end":{"line":2,"column":54}},"1":{"start":{"line":2,"column":44},"end":{"line":2,"column":54}},"2":{"start":{"line":3,"column":16},"end":{"line":3,"column":36}},"3":{"start":{"line":4,"column":2},"end":{"line":6,"column":4}},"4":{"start":{"line":5,"column":10},"end":{"line":5,"column":67}},"5":{"start":{"line":9,"column":0},"end":{"line":9,"column":34}}},"fnMap":{"0":{"name":"filterByTermOrId","decl":{"start":{"line":1,"column":9},"end":{"line":1,"column":25}},"loc":{"start":{"line":1,"column":40},"end":{"line":7,"column":1}},"line":1},"1":{"name":"(anonymous_1)","decl":{"start":{"line":5,"column":4},"end":{"line":5,"column":5}},"loc":{"start":{"line":5,"column":10},"end":{"line":5,"column":67}},"line":5}},"branchMap":{"0":{"loc":{"start":{"line":2,"column":2},"end":{"line":2,"column":54}},"type":"if","locations":[{"start":{"line":2,"column":2},"end":{"line":2,"column":54}},{"start":{"line":2,"column":2},"end":{"line":2,"column":54}}],"line":2},"1":{"loc":{"start":{"line":2,"column":6},"end":{"line":2,"column":42}},"type":"binary-expr","locations":[{"start":{"line":2,"column":6},"end":{"line":2,"column":22}},{"start":{"line":2,"column":26},"end":{"line":2,"column":42}}],"line":2},"2":{"loc":{"start":{"line":5,"column":10},"end":{"line":5,"column":67}},"type":"binary-expr","locations":[{"start":{"line":5,"column":11},"end":{"line":5,"column":27}},{"start":{"line":5,"column":31},"end":{"line":5,"column":50}},{"start":{"line":5,"column":55},"end":{"line":5,"column":67}}],"line":5}},"s":{"0":10,"1":1,"2":9,"3":9,"4":27,"5":1},"f":{"0":10,"1":27},"b":{"0":[1,9],"1":[10,2],"2":[27,24,21]},"_coverageSchema":"1a1c01bbd47fc00a2c39e90264f33305004495a9","hash":"3e6d8b7e1f6bac3629add53f5380c82b78fb838c"}
}
